app/modules/soa-keepalive/android/build/intermediates/manifest_merge_blame_file/debug/processDebugManifest/manifest-merger-blame-debug-report.txt
1<?xml version="1.0" encoding="utf-8"?>
2<manifest xmlns:android="http://schemas.android.com/apk/res/android"
3    package="expo.modules.soakeepalive" >
4
5    <uses-sdk android:minSdkVersion="24" />
6
7    <uses-permission android:name="android.permission.FOREGROUND_SERVICE" />
7-->src/main/AndroidManifest.xml:5:5-77
7-->src/main/AndroidManifest.xml:5:22-74
8    <uses-permission android:name="android.permission.FOREGROUND_SERVICE_DATA_SYNC" />
8-->src/main/AndroidManifest.xml:6:5-87
8-->src/main/AndroidManifest.xml:6:22-84
9    <uses-permission android:name="android.permission.POST_NOTIFICATIONS" />
9-->src/main/AndroidManifest.xml:7:5-77
9-->src/main/AndroidManifest.xml:7:22-74
10
11    <application>
11-->src/main/AndroidManifest.xml:9:5-14:19
12        <service
12-->src/main/AndroidManifest.xml:10:9-13:56
13            android:name="expo.modules.soakeepalive.KeepAliveService"
13-->src/main/AndroidManifest.xml:11:13-45
14            android:exported="false"
14-->src/main/AndroidManifest.xml:12:13-37
15            android:foregroundServiceType="dataSync" />
15-->src/main/AndroidManifest.xml:13:13-53
16    </application>
17
18</manifest>